# JRE version: OpenJDK Runtime Environment (8.0_292-b10) (build 1.8.0_292-b10)
# Java VM: OpenJDK 64-Bit Server VM (25.292-b10 mixed mode bsd-amd64 compressed oops)
Heap:
 PSYoungGen      total 551424K, used 371541K [0x0000000795580000, 0x00000007bb100000, 0x00000007c0000000)
  eden space 518656K, 69% used [0x0000000795580000,0x00000007ab5ed7c0,0x00000007b5000000)
  from space 32768K, 32% used [0x00000007b9100000,0x00000007b9b67f48,0x00000007bb100000)
  to   space 49664K, 0% used [0x00000007b5000000,0x00000007b5000000,0x00000007b8080000)
 ParOldGen       total 173056K, used 69621K [0x0000000740000000, 0x000000074a900000, 0x0000000795580000)
  object space 173056K, 40% used [0x0000000740000000,0x00000007443fd428,0x000000074a900000)
 Metaspace       used 31956K, capacity 32812K, committed 33024K, reserved 1079296K
  class space    used 3361K, capacity 3551K, committed 3584K, reserved 1048576K
GC Heap History (10 events):
Event: 95.652 GC heap before
{Heap before GC invocations=10 (full 2):
 PSYoungGen      total 267264K, used 213138K [0x0000000795580000, 0x00000007b0600000, 0x00000007c0000000)
  eden space 206336K, 99% used [0x0000000795580000,0x00000007a1e28688,0x00000007a1f00000)
  from space 60928K, 12% used [0x00000007a1f00000,0x00000007a267c528,0x00000007a5a80000)
  to   space 59392K, 0% used [0x00000007acc00000,0x00000007acc00000,0x00000007b0600000)
 ParOldGen       total 173056K, used 64741K [0x0000000740000000, 0x000000074a900000, 0x0000000795580000)
  object space 173056K, 37% used [0x0000000740000000,0x0000000743f39720,0x000000074a900000)
 Metaspace       used 30890K, capacity 31670K, committed 31872K, reserved 1077248K
  class space    used 3285K, capacity 3450K, committed 3456K, reserved 1048576K
Event: 95.686 GC heap after
Heap after GC invocations=10 (full 2):
 PSYoungGen      total 349696K, used 8615K [0x0000000795580000, 0x00000007af300000, 0x00000007c0000000)
  eden space 309760K, 0% used [0x0000000795580000,0x0000000795580000,0x00000007a8400000)
  from space 39936K, 21% used [0x00000007acc00000,0x00000007ad469c48,0x00000007af300000)
  to   space 56832K, 0% used [0x00000007a8400000,0x00000007a8400000,0x00000007abb80000)
 ParOldGen       total 173056K, used 64749K [0x0000000740000000, 0x000000074a900000, 0x0000000795580000)
  object space 173056K, 37% used [0x0000000740000000,0x0000000743f3b720,0x000000074a900000)
 Metaspace       used 30890K, capacity 31670K, committed 31872K, reserved 1077248K
  class space    used 3285K, capacity 3450K, committed 3456K, reserved 1048576K
}
Event: 96.844 GC heap before
{Heap before GC invocations=11 (full 2):
 PSYoungGen      total 349696K, used 318375K [0x0000000795580000, 0x00000007af300000, 0x00000007c0000000)
  eden space 309760K, 100% used [0x0000000795580000,0x00000007a8400000,0x00000007a8400000)
  from space 39936K, 21% used [0x00000007acc00000,0x00000007ad469c48,0x00000007af300000)
  to   space 56832K, 0% used [0x00000007a8400000,0x00000007a8400000,0x00000007abb80000)
 ParOldGen       total 173056K, used 64749K [0x0000000740000000, 0x000000074a900000, 0x0000000795580000)
  object space 173056K, 37% used [0x0000000740000000,0x0000000743f3b720,0x000000074a900000)
 Metaspace       used 30999K, capacity 31766K, committed 32000K, reserved 1077248K
  class space    used 3295K, capacity 3482K, committed 3584K, reserved 1048576K
Event: 96.870 GC heap after
Heap after GC invocations=11 (full 2):
 PSYoungGen      total 366592K, used 5550K [0x0000000795580000, 0x00000007b4980000, 0x00000007c0000000)
  eden space 309760K, 0% used [0x0000000795580000,0x0000000795580000,0x00000007a8400000)
  from space 56832K, 9% used [0x00000007a8400000,0x00000007a896b848,0x00000007abb80000)
  to   space 55296K, 0% used [0x00000007b1380000,0x00000007b1380000,0x00000007b4980000)
 ParOldGen       total 173056K, used 64749K [0x0000000740000000, 0x000000074a900000, 0x0000000795580000)
  object space 173056K, 37% used [0x0000000740000000,0x0000000743f3b720,0x000000074a900000)
 Metaspace       used 30999K, capacity 31766K, committed 32000K, reserved 1077248K
  class space    used 3295K, capacity 3482K, committed 3584K, reserved 1048576K
}
Event: 97.308 GC heap before
{Heap before GC invocations=12 (full 2):
 PSYoungGen      total 366592K, used 314880K [0x0000000795580000, 0x00000007b4980000, 0x00000007c0000000)
  eden space 309760K, 99% used [0x0000000795580000,0x00000007a8394988,0x00000007a8400000)
  from space 56832K, 9% used [0x00000007a8400000,0x00000007a896b848,0x00000007abb80000)
  to   space 55296K, 0% used [0x00000007b1380000,0x00000007b1380000,0x00000007b4980000)
 ParOldGen       total 173056K, used 64749K [0x0000000740000000, 0x000000074a900000, 0x0000000795580000)
  object space 173056K, 37% used [0x0000000740000000,0x0000000743f3b720,0x000000074a900000)
 Metaspace       used 31000K, capacity 31766K, committed 32000K, reserved 1077248K
  class space    used 3295K, capacity 3482K, committed 3584K, reserved 1048576K
Event: 97.318 GC heap after
Heap after GC invocations=12 (full 2):
 PSYoungGen      total 452608K, used 5590K [0x0000000795580000, 0x00000007b4600000, 0x00000007c0000000)
  eden space 400896K, 0% used [0x0000000795580000,0x0000000795580000,0x00000007add00000)
  from space 51712K, 10% used [0x00000007b1380000,0x00000007b18f5910,0x00000007b4600000)
  to   space 53760K, 0% used [0x00000007add00000,0x00000007add00000,0x00000007b1180000)
 ParOldGen       total 173056K, used 65805K [0x0000000740000000, 0x000000074a900000, 0x0000000795580000)
  object space 173056K, 38% used [0x0000000740000000,0x0000000744043720,0x000000074a900000)
 Metaspace       used 31000K, capacity 31766K, committed 32000K, reserved 1077248K
  class space    used 3295K, capacity 3482K, committed 3584K, reserved 1048576K
}
Event: 97.623 GC heap before
{Heap before GC invocations=13 (full 2):
 PSYoungGen      total 452608K, used 406486K [0x0000000795580000, 0x00000007b4600000, 0x00000007c0000000)
  eden space 400896K, 100% used [0x0000000795580000,0x00000007add00000,0x00000007add00000)
  from space 51712K, 10% used [0x00000007b1380000,0x00000007b18f5910,0x00000007b4600000)
  to   space 53760K, 0% used [0x00000007add00000,0x00000007add00000,0x00000007b1180000)
 ParOldGen       total 173056K, used 65805K [0x0000000740000000, 0x000000074a900000, 0x0000000795580000)
  object space 173056K, 38% used [0x0000000740000000,0x0000000744043720,0x000000074a900000)
 Metaspace       used 31010K, capacity 31766K, committed 32000K, reserved 1077248K
  class space    used 3295K, capacity 3482K, committed 3584K, reserved 1048576K
Event: 97.639 GC heap after
Heap after GC invocations=13 (full 2):
 PSYoungGen      total 454656K, used 3436K [0x0000000795580000, 0x00000007bc400000, 0x00000007c0000000)
  eden space 400896K, 0% used [0x0000000795580000,0x0000000795580000,0x00000007add00000)
  from space 53760K, 6% used [0x00000007add00000,0x00000007ae05b010,0x00000007b1180000)
  to   space 52224K, 0% used [0x00000007b9100000,0x00000007b9100000,0x00000007bc400000)
 ParOldGen       total 173056K, used 68684K [0x0000000740000000, 0x000000074a900000, 0x0000000795580000)
  object space 173056K, 39% used [0x0000000740000000,0x00000007443132b0,0x000000074a900000)
 Metaspace       used 31010K, capacity 31766K, committed 32000K, reserved 1077248K
  class space    used 3295K, capacity 3482K, committed 3584K, reserved 1048576K
}
Event: 99.207 GC heap before
{Heap before GC invocations=14 (full 2):
 PSYoungGen      total 454656K, used 404332K [0x0000000795580000, 0x00000007bc400000, 0x00000007c0000000)
  eden space 400896K, 100% used [0x0000000795580000,0x00000007add00000,0x00000007add00000)
  from space 53760K, 6% used [0x00000007add00000,0x00000007ae05b010,0x00000007b1180000)
  to   space 52224K, 0% used [0x00000007b9100000,0x00000007b9100000,0x00000007bc400000)
 ParOldGen       total 173056K, used 68684K [0x0000000740000000, 0x000000074a900000, 0x0000000795580000)
  object space 173056K, 39% used [0x0000000740000000,0x00000007443132b0,0x000000074a900000)
 Metaspace       used 31596K, capacity 32364K, committed 32512K, reserved 1079296K
  class space    used 3331K, capacity 3487K, committed 3584K, reserved 1048576K
Event: 99.215 GC heap after
Heap after GC invocations=14 (full 2):
 PSYoungGen      total 551424K, used 10655K [0x0000000795580000, 0x00000007bb100000, 0x00000007c0000000)
  eden space 518656K, 0% used [0x0000000795580000,0x0000000795580000,0x00000007b5000000)
  from space 32768K, 32% used [0x00000007b9100000,0x00000007b9b67f48,0x00000007bb100000)
  to   space 49664K, 0% used [0x00000007b5000000,0x00000007b5000000,0x00000007b8080000)
 ParOldGen       total 173056K, used 69621K [0x0000000740000000, 0x000000074a900000, 0x0000000795580000)
  object space 173056K, 40% used [0x0000000740000000,0x00000007443fd428,0x000000074a900000)
 Metaspace       used 31596K, capacity 32364K, committed 32512K, reserved 1079296K
  class space    used 3331K, capacity 3487K, committed 3584K, reserved 1048576K
}

