# JRE version: OpenJDK Runtime Environment (8.0_292-b10) (build 1.8.0_292-b10)
# Java VM: OpenJDK 64-Bit Server VM (25.292-b10 mixed mode bsd-amd64 compressed oops)
Heap:
 PSYoungGen      total 485376K, used 119239K [0x0000000795580000, 0x00000007be980000, 0x00000007c0000000)
  eden space 440320K, 27% used [0x0000000795580000,0x000000079c9b73c0,0x00000007b0380000)
  from space 45056K, 0% used [0x00000007b0380000,0x00000007b03bab20,0x00000007b2f80000)
  to   space 44032K, 0% used [0x00000007bbe80000,0x00000007bbe80000,0x00000007be980000)
 ParOldGen       total 149504K, used 65842K [0x0000000740000000, 0x0000000749200000, 0x0000000795580000)
  object space 149504K, 44% used [0x0000000740000000,0x000000074404cb00,0x0000000749200000)
 Metaspace       used 31353K, capacity 32160K, committed 32472K, reserved 1079296K
  class space    used 3331K, capacity 3487K, committed 3544K, reserved 1048576K
GC Heap History (10 events):
Event: 8.557 GC heap before
{Heap before GC invocations=11 (full 2):
 PSYoungGen      total 271872K, used 6101K [0x0000000795580000, 0x00000007af600000, 0x00000007c0000000)
  eden space 227840K, 0% used [0x0000000795580000,0x0000000795580000,0x00000007a3400000)
  from space 44032K, 13% used [0x00000007a3400000,0x00000007a39f57e8,0x00000007a5f00000)
  to   space 44032K, 0% used [0x00000007acb00000,0x00000007acb00000,0x00000007af600000)
 ParOldGen       total 124928K, used 93210K [0x0000000740000000, 0x0000000747a00000, 0x0000000795580000)
  object space 124928K, 74% used [0x0000000740000000,0x0000000745b06b60,0x0000000747a00000)
 Metaspace       used 27585K, capacity 28250K, committed 28376K, reserved 1075200K
  class space    used 3020K, capacity 3228K, committed 3288K, reserved 1048576K
Event: 8.630 GC heap after
Heap after GC invocations=11 (full 2):
 PSYoungGen      total 271872K, used 0K [0x0000000795580000, 0x00000007af600000, 0x00000007c0000000)
  eden space 227840K, 0% used [0x0000000795580000,0x0000000795580000,0x00000007a3400000)
  from space 44032K, 0% used [0x00000007a3400000,0x00000007a3400000,0x00000007a5f00000)
  to   space 44032K, 0% used [0x00000007acb00000,0x00000007acb00000,0x00000007af600000)
 ParOldGen       total 149504K, used 64059K [0x0000000740000000, 0x0000000749200000, 0x0000000795580000)
  object space 149504K, 42% used [0x0000000740000000,0x0000000743e8ed50,0x0000000749200000)
 Metaspace       used 27585K, capacity 28250K, committed 28376K, reserved 1075200K
  class space    used 3020K, capacity 3228K, committed 3288K, reserved 1048576K
}
Event: 87.949 GC heap before
{Heap before GC invocations=12 (full 2):
 PSYoungGen      total 271872K, used 226755K [0x0000000795580000, 0x00000007af600000, 0x00000007c0000000)
  eden space 227840K, 99% used [0x0000000795580000,0x00000007a32f0e70,0x00000007a3400000)
  from space 44032K, 0% used [0x00000007a3400000,0x00000007a3400000,0x00000007a5f00000)
  to   space 44032K, 0% used [0x00000007acb00000,0x00000007acb00000,0x00000007af600000)
 ParOldGen       total 149504K, used 64059K [0x0000000740000000, 0x0000000749200000, 0x0000000795580000)
  object space 149504K, 42% used [0x0000000740000000,0x0000000743e8ed50,0x0000000749200000)
 Metaspace       used 30845K, capacity 31666K, committed 31960K, reserved 1077248K
  class space    used 3287K, capacity 3450K, committed 3544K, reserved 1048576K
Event: 87.972 GC heap after
Heap after GC invocations=12 (full 2):
 PSYoungGen      total 350720K, used 3494K [0x0000000795580000, 0x00000007ae700000, 0x00000007c0000000)
  eden space 322048K, 0% used [0x0000000795580000,0x0000000795580000,0x00000007a9000000)
  from space 28672K, 12% used [0x00000007acb00000,0x00000007ace69b78,0x00000007ae700000)
  to   space 44544K, 0% used [0x00000007a9000000,0x00000007a9000000,0x00000007abb80000)
 ParOldGen       total 149504K, used 64067K [0x0000000740000000, 0x0000000749200000, 0x0000000795580000)
  object space 149504K, 42% used [0x0000000740000000,0x0000000743e90d50,0x0000000749200000)
 Metaspace       used 30845K, capacity 31666K, committed 31960K, reserved 1077248K
  class space    used 3287K, capacity 3450K, committed 3544K, reserved 1048576K
}
Event: 88.306 GC heap before
{Heap before GC invocations=13 (full 2):
 PSYoungGen      total 350720K, used 325542K [0x0000000795580000, 0x00000007ae700000, 0x00000007c0000000)
  eden space 322048K, 100% used [0x0000000795580000,0x00000007a9000000,0x00000007a9000000)
  from space 28672K, 12% used [0x00000007acb00000,0x00000007ace69b78,0x00000007ae700000)
  to   space 44544K, 0% used [0x00000007a9000000,0x00000007a9000000,0x00000007abb80000)
 ParOldGen       total 149504K, used 64067K [0x0000000740000000, 0x0000000749200000, 0x0000000795580000)
  object space 149504K, 42% used [0x0000000740000000,0x0000000743e90d50,0x0000000749200000)
 Metaspace       used 30953K, capacity 31762K, committed 31960K, reserved 1077248K
  class space    used 3297K, capacity 3482K, committed 3544K, reserved 1048576K
Event: 88.313 GC heap after
Heap after GC invocations=13 (full 2):
 PSYoungGen      total 366592K, used 464K [0x0000000795580000, 0x00000007b6580000, 0x00000007c0000000)
  eden space 322048K, 0% used [0x0000000795580000,0x0000000795580000,0x00000007a9000000)
  from space 44544K, 1% used [0x00000007a9000000,0x00000007a9074010,0x00000007abb80000)
  to   space 45056K, 0% used [0x00000007b3980000,0x00000007b3980000,0x00000007b6580000)
 ParOldGen       total 149504K, used 65746K [0x0000000740000000, 0x0000000749200000, 0x0000000795580000)
  object space 149504K, 43% used [0x0000000740000000,0x0000000744034b00,0x0000000749200000)
 Metaspace       used 30953K, capacity 31762K, committed 31960K, reserved 1077248K
  class space    used 3297K, capacity 3482K, committed 3544K, reserved 1048576K
}
Event: 88.484 GC heap before
{Heap before GC invocations=14 (full 2):
 PSYoungGen      total 366592K, used 322512K [0x0000000795580000, 0x00000007b6580000, 0x00000007c0000000)
  eden space 322048K, 100% used [0x0000000795580000,0x00000007a9000000,0x00000007a9000000)
  from space 44544K, 1% used [0x00000007a9000000,0x00000007a9074010,0x00000007abb80000)
  to   space 45056K, 0% used [0x00000007b3980000,0x00000007b3980000,0x00000007b6580000)
 ParOldGen       total 149504K, used 65746K [0x0000000740000000, 0x0000000749200000, 0x0000000795580000)
  object space 149504K, 43% used [0x0000000740000000,0x0000000744034b00,0x0000000749200000)
 Metaspace       used 30959K, capacity 31762K, committed 31960K, reserved 1077248K
  class space    used 3297K, capacity 3482K, committed 3544K, reserved 1048576K
Event: 88.485 GC heap after
Heap after GC invocations=14 (full 2):
 PSYoungGen      total 475136K, used 428K [0x0000000795580000, 0x00000007b5b80000, 0x00000007c0000000)
  eden space 440320K, 0% used [0x0000000795580000,0x0000000795580000,0x00000007b0380000)
  from space 34816K, 1% used [0x00000007b3980000,0x00000007b39eb010,0x00000007b5b80000)
  to   space 45056K, 0% used [0x00000007b0380000,0x00000007b0380000,0x00000007b2f80000)
 ParOldGen       total 149504K, used 65826K [0x0000000740000000, 0x0000000749200000, 0x0000000795580000)
  object space 149504K, 44% used [0x0000000740000000,0x0000000744048b00,0x0000000749200000)
 Metaspace       used 30959K, capacity 31762K, committed 31960K, reserved 1077248K
  class space    used 3297K, capacity 3482K, committed 3544K, reserved 1048576K
}
Event: 88.795 GC heap before
{Heap before GC invocations=15 (full 2):
 PSYoungGen      total 475136K, used 440748K [0x0000000795580000, 0x00000007b5b80000, 0x00000007c0000000)
  eden space 440320K, 100% used [0x0000000795580000,0x00000007b0380000,0x00000007b0380000)
  from space 34816K, 1% used [0x00000007b3980000,0x00000007b39eb010,0x00000007b5b80000)
  to   space 45056K, 0% used [0x00000007b0380000,0x00000007b0380000,0x00000007b2f80000)
 ParOldGen       total 149504K, used 65826K [0x0000000740000000, 0x0000000749200000, 0x0000000795580000)
  object space 149504K, 44% used [0x0000000740000000,0x0000000744048b00,0x0000000749200000)
 Metaspace       used 30967K, capacity 31762K, committed 31960K, reserved 1077248K
  class space    used 3297K, capacity 3482K, committed 3544K, reserved 1048576K
Event: 88.799 GC heap after
Heap after GC invocations=15 (full 2):
 PSYoungGen      total 485376K, used 234K [0x0000000795580000, 0x00000007be980000, 0x00000007c0000000)
  eden space 440320K, 0% used [0x0000000795580000,0x0000000795580000,0x00000007b0380000)
  from space 45056K, 0% used [0x00000007b0380000,0x00000007b03bab20,0x00000007b2f80000)
  to   space 44032K, 0% used [0x00000007bbe80000,0x00000007bbe80000,0x00000007be980000)
 ParOldGen       total 149504K, used 65842K [0x0000000740000000, 0x0000000749200000, 0x0000000795580000)
  object space 149504K, 44% used [0x0000000740000000,0x000000074404cb00,0x0000000749200000)
 Metaspace       used 30967K, capacity 31762K, committed 31960K, reserved 1077248K
  class space    used 3297K, capacity 3482K, committed 3544K, reserved 1048576K
}

