# JRE version: OpenJDK Runtime Environment (8.0_292-b10) (build 1.8.0_292-b10)
# Java VM: OpenJDK 64-Bit Server VM (25.292-b10 mixed mode bsd-amd64 compressed oops)
Heap:
 PSYoungGen      total 562176K, used 106691K [0x0000000795580000, 0x00000007bb100000, 0x00000007c0000000)
  eden space 534016K, 19% used [0x0000000795580000,0x000000079b8cf6b8,0x00000007b5f00000)
  from space 28160K, 17% used [0x00000007b9580000,0x00000007b9a61918,0x00000007bb100000)
  to   space 41984K, 0% used [0x00000007b5f00000,0x00000007b5f00000,0x00000007b8800000)
 ParOldGen       total 153088K, used 65906K [0x0000000740000000, 0x0000000749580000, 0x0000000795580000)
  object space 153088K, 43% used [0x0000000740000000,0x000000074405c9a0,0x0000000749580000)
 Metaspace       used 31354K, capacity 32156K, committed 32216K, reserved 1077248K
  class space    used 3321K, capacity 3487K, committed 3544K, reserved 1048576K
GC Heap History (10 events):
Event: 74.764 GC heap before
{Heap before GC invocations=12 (full 2):
 PSYoungGen      total 251392K, used 207360K [0x0000000795580000, 0x00000007acc00000, 0x00000007c0000000)
  eden space 207360K, 100% used [0x0000000795580000,0x00000007a2000000,0x00000007a2000000)
  from space 44032K, 0% used [0x00000007a2000000,0x00000007a2000000,0x00000007a4b00000)
  to   space 44032K, 0% used [0x00000007aa100000,0x00000007aa100000,0x00000007acc00000)
 ParOldGen       total 153088K, used 64059K [0x0000000740000000, 0x0000000749580000, 0x0000000795580000)
  object space 153088K, 41% used [0x0000000740000000,0x0000000743e8ec68,0x0000000749580000)
 Metaspace       used 30818K, capacity 31598K, committed 31704K, reserved 1077248K
  class space    used 3283K, capacity 3450K, committed 3544K, reserved 1048576K
Event: 74.781 GC heap after
Heap after GC invocations=12 (full 2):
 PSYoungGen      total 334336K, used 2715K [0x0000000795580000, 0x00000007aca00000, 0x00000007c0000000)
  eden space 292352K, 0% used [0x0000000795580000,0x0000000795580000,0x00000007a7300000)
  from space 41984K, 6% used [0x00000007aa100000,0x00000007aa3a6e08,0x00000007aca00000)
  to   space 44544K, 0% used [0x00000007a7300000,0x00000007a7300000,0x00000007a9e80000)
 ParOldGen       total 153088K, used 64067K [0x0000000740000000, 0x0000000749580000, 0x0000000795580000)
  object space 153088K, 41% used [0x0000000740000000,0x0000000743e90c68,0x0000000749580000)
 Metaspace       used 30818K, capacity 31598K, committed 31704K, reserved 1077248K
  class space    used 3283K, capacity 3450K, committed 3544K, reserved 1048576K
}
Event: 75.089 GC heap before
{Heap before GC invocations=13 (full 2):
 PSYoungGen      total 334336K, used 295067K [0x0000000795580000, 0x00000007aca00000, 0x00000007c0000000)
  eden space 292352K, 100% used [0x0000000795580000,0x00000007a7300000,0x00000007a7300000)
  from space 41984K, 6% used [0x00000007aa100000,0x00000007aa3a6e08,0x00000007aca00000)
  to   space 44544K, 0% used [0x00000007a7300000,0x00000007a7300000,0x00000007a9e80000)
 ParOldGen       total 153088K, used 64067K [0x0000000740000000, 0x0000000749580000, 0x0000000795580000)
  object space 153088K, 41% used [0x0000000740000000,0x0000000743e90c68,0x0000000749580000)
 Metaspace       used 30926K, capacity 31694K, committed 31960K, reserved 1077248K
  class space    used 3293K, capacity 3482K, committed 3544K, reserved 1048576K
Event: 75.101 GC heap after
Heap after GC invocations=13 (full 2):
 PSYoungGen      total 336896K, used 780K [0x0000000795580000, 0x00000007b4080000, 0x00000007c0000000)
  eden space 292352K, 0% used [0x0000000795580000,0x0000000795580000,0x00000007a7300000)
  from space 44544K, 1% used [0x00000007a7300000,0x00000007a73c33d8,0x00000007a9e80000)
  to   space 45056K, 0% used [0x00000007b1480000,0x00000007b1480000,0x00000007b4080000)
 ParOldGen       total 153088K, used 65754K [0x0000000740000000, 0x0000000749580000, 0x0000000795580000)
  object space 153088K, 42% used [0x0000000740000000,0x00000007440369a0,0x0000000749580000)
 Metaspace       used 30926K, capacity 31694K, committed 31960K, reserved 1077248K
  class space    used 3293K, capacity 3482K, committed 3544K, reserved 1048576K
}
Event: 75.254 GC heap before
{Heap before GC invocations=14 (full 2):
 PSYoungGen      total 336896K, used 293132K [0x0000000795580000, 0x00000007b4080000, 0x00000007c0000000)
  eden space 292352K, 100% used [0x0000000795580000,0x00000007a7300000,0x00000007a7300000)
  from space 44544K, 1% used [0x00000007a7300000,0x00000007a73c33d8,0x00000007a9e80000)
  to   space 45056K, 0% used [0x00000007b1480000,0x00000007b1480000,0x00000007b4080000)
 ParOldGen       total 153088K, used 65754K [0x0000000740000000, 0x0000000749580000, 0x0000000795580000)
  object space 153088K, 42% used [0x0000000740000000,0x00000007440369a0,0x0000000749580000)
 Metaspace       used 30926K, capacity 31694K, committed 31960K, reserved 1077248K
  class space    used 3293K, capacity 3482K, committed 3544K, reserved 1048576K
Event: 75.256 GC heap after
Heap after GC invocations=14 (full 2):
 PSYoungGen      total 440320K, used 3338K [0x0000000795580000, 0x00000007b3780000, 0x00000007c0000000)
  eden space 404480K, 0% used [0x0000000795580000,0x0000000795580000,0x00000007ae080000)
  from space 35840K, 9% used [0x00000007b1480000,0x00000007b17c2910,0x00000007b3780000)
  to   space 44544K, 0% used [0x00000007ae080000,0x00000007ae080000,0x00000007b0c00000)
 ParOldGen       total 153088K, used 65834K [0x0000000740000000, 0x0000000749580000, 0x0000000795580000)
  object space 153088K, 43% used [0x0000000740000000,0x000000074404a9a0,0x0000000749580000)
 Metaspace       used 30926K, capacity 31694K, committed 31960K, reserved 1077248K
  class space    used 3293K, capacity 3482K, committed 3544K, reserved 1048576K
}
Event: 75.477 GC heap before
{Heap before GC invocations=15 (full 2):
 PSYoungGen      total 440320K, used 407818K [0x0000000795580000, 0x00000007b3780000, 0x00000007c0000000)
  eden space 404480K, 100% used [0x0000000795580000,0x00000007ae080000,0x00000007ae080000)
  from space 35840K, 9% used [0x00000007b1480000,0x00000007b17c2910,0x00000007b3780000)
  to   space 44544K, 0% used [0x00000007ae080000,0x00000007ae080000,0x00000007b0c00000)
 ParOldGen       total 153088K, used 65834K [0x0000000740000000, 0x0000000749580000, 0x0000000795580000)
  object space 153088K, 43% used [0x0000000740000000,0x000000074404a9a0,0x0000000749580000)
 Metaspace       used 30926K, capacity 31694K, committed 31960K, reserved 1077248K
  class space    used 3293K, capacity 3482K, committed 3544K, reserved 1048576K
Event: 75.479 GC heap after
Heap after GC invocations=15 (full 2):
 PSYoungGen      total 449024K, used 3338K [0x0000000795580000, 0x00000007bc000000, 0x00000007c0000000)
  eden space 404480K, 0% used [0x0000000795580000,0x0000000795580000,0x00000007ae080000)
  from space 44544K, 7% used [0x00000007ae080000,0x00000007ae3c2910,0x00000007b0c00000)
  to   space 43520K, 0% used [0x00000007b9580000,0x00000007b9580000,0x00000007bc000000)
 ParOldGen       total 153088K, used 65874K [0x0000000740000000, 0x0000000749580000, 0x0000000795580000)
  object space 153088K, 43% used [0x0000000740000000,0x00000007440549a0,0x0000000749580000)
 Metaspace       used 30926K, capacity 31694K, committed 31960K, reserved 1077248K
  class space    used 3293K, capacity 3482K, committed 3544K, reserved 1048576K
}
Event: 75.924 GC heap before
{Heap before GC invocations=16 (full 2):
 PSYoungGen      total 449024K, used 407818K [0x0000000795580000, 0x00000007bc000000, 0x00000007c0000000)
  eden space 404480K, 100% used [0x0000000795580000,0x00000007ae080000,0x00000007ae080000)
  from space 44544K, 7% used [0x00000007ae080000,0x00000007ae3c2910,0x00000007b0c00000)
  to   space 43520K, 0% used [0x00000007b9580000,0x00000007b9580000,0x00000007bc000000)
 ParOldGen       total 153088K, used 65874K [0x0000000740000000, 0x0000000749580000, 0x0000000795580000)
  object space 153088K, 43% used [0x0000000740000000,0x00000007440549a0,0x0000000749580000)
 Metaspace       used 31289K, capacity 32092K, committed 32216K, reserved 1077248K
  class space    used 3320K, capacity 3487K, committed 3544K, reserved 1048576K
Event: 75.926 GC heap after
Heap after GC invocations=16 (full 2):
 PSYoungGen      total 562176K, used 4998K [0x0000000795580000, 0x00000007bb100000, 0x00000007c0000000)
  eden space 534016K, 0% used [0x0000000795580000,0x0000000795580000,0x00000007b5f00000)
  from space 28160K, 17% used [0x00000007b9580000,0x00000007b9a61918,0x00000007bb100000)
  to   space 41984K, 0% used [0x00000007b5f00000,0x00000007b5f00000,0x00000007b8800000)
 ParOldGen       total 153088K, used 65906K [0x0000000740000000, 0x0000000749580000, 0x0000000795580000)
  object space 153088K, 43% used [0x0000000740000000,0x000000074405c9a0,0x0000000749580000)
 Metaspace       used 31289K, capacity 32092K, committed 32216K, reserved 1077248K
  class space    used 3320K, capacity 3487K, committed 3544K, reserved 1048576K
}

